Using pre-set license
Built from '2021.1/staging' branch; Version is '2021.1.7f1 (d91830b65d9b) revision 14227504'; Using compiler version '192528614'; Build Type 'Release'
OS: 'Windows 10 Home Single Language; OS build 19044.2130; Version 2009; 64bit' Language: 'en' Physical Memory: 16221 MB
BatchMode: 1, IsHumanControllingUs: 0, StartBugReporterOnCrash: 0, Is64bit: 1, IsPro: 0

 COMMAND LINE ARGUMENTS:
C:\Program Files\Unity\Hub\Editor\2021.1.7f1\Editor\Unity.exe
-adb2
-batchMode
-noUpm
-name
AssetImportWorker0
-projectPath
D:/Unity/game/TileVania
-logFile
Logs/AssetImportWorker0.log
-srvPort
62682
Successfully changed project path to: D:/Unity/game/TileVania
D:/Unity/game/TileVania
Using Asset Import Pipeline V2.
Refreshing native plugins compatible for Editor in 118.32 ms, found 2 plugins.
Preloading 0 native plugins for Editor in 0.00 ms.
Initialize engine version: 2021.1.7f1 (d91830b65d9b)
[Subsystems] Discovering subsystems at path C:/Program Files/Unity/Hub/Editor/2021.1.7f1/Editor/Data/Resources/UnitySubsystems
[Subsystems] Discovering subsystems at path D:/Unity/game/TileVania/Assets
GfxDevice: creating device client; threaded=0; jobified=0
Direct3D:
    Version:  Direct3D 11.0 [level 11.1]
    Renderer: NVIDIA GeForce GTX 1650 (ID=0x1f91)
    Vendor:   NVIDIA
    VRAM:     3962 MB
    Driver:   27.21.14.5167
Initialize mono
Mono path[0] = 'C:/Program Files/Unity/Hub/Editor/2021.1.7f1/Editor/Data/Managed'
Mono path[1] = 'C:/Program Files/Unity/Hub/Editor/2021.1.7f1/Editor/Data/MonoBleedingEdge/lib/mono/unityjit'
Mono config path = 'C:/Program Files/Unity/Hub/Editor/2021.1.7f1/Editor/Data/MonoBleedingEdge/etc'
Using monoOptions --debugger-agent=transport=dt_socket,embedding=1,server=y,suspend=n,address=127.0.0.1:56436
Begin MonoManager ReloadAssembly
Registering precompiled unity dll's ...
Register platform support module: C:/Program Files/Unity/Hub/Editor/2021.1.7f1/Editor/Data/PlaybackEngines/WindowsStandaloneSupport/UnityEditor.WindowsStandalone.Extensions.dll
Registered in 0.002048 seconds.
Native extension for WindowsStandalone target not found
Refreshing native plugins compatible for Editor in 98.20 ms, found 2 plugins.
Preloading 0 native plugins for Editor in 0.00 ms.
Mono: successfully reloaded assembly
- Completed reload, in  2.178 seconds
Platform modules already initialized, skipping
Registering precompiled user dll's ...
Registered in 0.002432 seconds.
Begin MonoManager ReloadAssembly
Symbol file LoadedFromMemory doesn't match image D:\Unity\game\TileVania\Library\PackageCache\com.unity.visualscripting@1.6.1\Editor\VisualScripting.Core\Dependencies\YamlDotNet\Unity.VisualScripting.YamlDotNet.dll
Symbol file LoadedFromMemory doesn't match image D:\Unity\game\TileVania\Library\PackageCache\com.unity.visualscripting@1.6.1\Editor\VisualScripting.Core\Dependencies\DotNetZip\Unity.VisualScripting.IonicZip.dll
Native extension for WindowsStandalone target not found
Refreshing native plugins compatible for Editor in 133.21 ms, found 2 plugins.
Preloading 0 native plugins for Editor in 0.00 ms.
Mono: successfully reloaded assembly
- Completed reload, in  1.464 seconds
Platform modules already initialized, skipping
========================================================================
Worker process is ready to serve import requests
Launched and connected shader compiler UnityShaderCompiler.exe after 0.05 seconds
Refreshing native plugins compatible for Editor in 0.76 ms, found 2 plugins.
Preloading 0 native plugins for Editor in 0.00 ms.
Unloading 3863 Unused Serialized files (Serialized files now loaded: 0)
System memory in use before: 147.1 MB.
System memory in use after: 147.2 MB.

Unloading 30 unused Assets to reduce memory usage. Loaded Objects now: 4318.
Total: 3.677000 ms (FindLiveObjects: 0.357800 ms CreateObjectMapping: 0.226200 ms MarkObjects: 2.975300 ms  DeleteObjects: 0.116500 ms)

========================================================================
Received Import Request.
  path: Assets/Scenes/Level 2.unity
  artifactKey: Guid(8f1508fa0e79edc44b6297f6429fd3a7) Importer(815301076,1909f56bfc062723c751e8b465ee728b)
Start importing Assets/Scenes/Level 2.unity using Guid(8f1508fa0e79edc44b6297f6429fd3a7) Importer(815301076,1909f56bfc062723c751e8b465ee728b)  -> (artifact id: '0503c6455aa47c37fd28f07b69ca44ea') in 0.020850 seconds 
========================================================================
Received Import Request.
  Time since last request: 0.000247 seconds.
  path: Assets/Scenes/Level 3.unity
  artifactKey: Guid(2cda990e2423bbf4892e6590ba056729) Importer(815301076,1909f56bfc062723c751e8b465ee728b)
Start importing Assets/Scenes/Level 3.unity using Guid(2cda990e2423bbf4892e6590ba056729) Importer(815301076,1909f56bfc062723c751e8b465ee728b)  -> (artifact id: '08a0d2aa9475afba73ad99380d450550') in 0.006660 seconds 
========================================================================
Received Import Request.
  Time since last request: 26.717050 seconds.
  path: Assets/Prefabs/Scene Persist1.prefab
  artifactKey: Guid(586978c529d3ab34ab083399ab7abcfe) Importer(815301076,1909f56bfc062723c751e8b465ee728b)
Start importing Assets/Prefabs/Scene Persist1.prefab using Guid(586978c529d3ab34ab083399ab7abcfe) Importer(815301076,1909f56bfc062723c751e8b465ee728b)  -> (artifact id: '6e3a3c0a9eb0af1fd95b259697282191') in 0.113803 seconds 
========================================================================
Received Import Request.
  Time since last request: 19.170975 seconds.
  path: Assets/Prefabs/Scene Persist1.prefab
  artifactKey: Guid(586978c529d3ab34ab083399ab7abcfe) Importer(815301076,1909f56bfc062723c751e8b465ee728b)
Start importing Assets/Prefabs/Scene Persist1.prefab using Guid(586978c529d3ab34ab083399ab7abcfe) Importer(815301076,1909f56bfc062723c751e8b465ee728b)  -> (artifact id: '219e7321c93956c10d631d4e9e67610d') in 0.017635 seconds 
========================================================================
Received Import Request.
  Time since last request: 0.789558 seconds.
  path: Assets/Prefabs/Scene Persist1.prefab
  artifactKey: Guid(586978c529d3ab34ab083399ab7abcfe) Importer(815301076,1909f56bfc062723c751e8b465ee728b)
Start importing Assets/Prefabs/Scene Persist1.prefab using Guid(586978c529d3ab34ab083399ab7abcfe) Importer(815301076,1909f56bfc062723c751e8b465ee728b)  -> (artifact id: '1e837bf442ca815a582a932061428ae0') in 0.014749 seconds 
========================================================================
Received Import Request.
  Time since last request: 0.576365 seconds.
  path: Assets/Prefabs/Scene Persist1.prefab
  artifactKey: Guid(586978c529d3ab34ab083399ab7abcfe) Importer(815301076,1909f56bfc062723c751e8b465ee728b)
Start importing Assets/Prefabs/Scene Persist1.prefab using Guid(586978c529d3ab34ab083399ab7abcfe) Importer(815301076,1909f56bfc062723c751e8b465ee728b)  -> (artifact id: '635eb682c4025eab62116cf2bdd5e58e') in 0.016501 seconds 
========================================================================
Received Import Request.
  Time since last request: 1.186420 seconds.
  path: Assets/Prefabs/Scene Persist1.prefab
  artifactKey: Guid(586978c529d3ab34ab083399ab7abcfe) Importer(815301076,1909f56bfc062723c751e8b465ee728b)
Start importing Assets/Prefabs/Scene Persist1.prefab using Guid(586978c529d3ab34ab083399ab7abcfe) Importer(815301076,1909f56bfc062723c751e8b465ee728b)  -> (artifact id: '684fb2f06ca2f88f052676c8ee1d4d14') in 0.013845 seconds 
========================================================================
Received Import Request.
  Time since last request: 0.606073 seconds.
  path: Assets/Prefabs/Scene Persist1.prefab
  artifactKey: Guid(586978c529d3ab34ab083399ab7abcfe) Importer(815301076,1909f56bfc062723c751e8b465ee728b)
Start importing Assets/Prefabs/Scene Persist1.prefab using Guid(586978c529d3ab34ab083399ab7abcfe) Importer(815301076,1909f56bfc062723c751e8b465ee728b)  -> (artifact id: '96ba64a6e822132150cd6bb5e895223d') in 0.013806 seconds 
========================================================================
Received Import Request.
  Time since last request: 0.785295 seconds.
  path: Assets/Prefabs/Scene Persist1.prefab
  artifactKey: Guid(586978c529d3ab34ab083399ab7abcfe) Importer(815301076,1909f56bfc062723c751e8b465ee728b)
Start importing Assets/Prefabs/Scene Persist1.prefab using Guid(586978c529d3ab34ab083399ab7abcfe) Importer(815301076,1909f56bfc062723c751e8b465ee728b)  -> (artifact id: 'dc8607ad0dd2a07224f6bc115f42113f') in 0.014459 seconds 
========================================================================
Received Import Request.
  Time since last request: 0.591235 seconds.
  path: Assets/Prefabs/Scene Persist1.prefab
  artifactKey: Guid(586978c529d3ab34ab083399ab7abcfe) Importer(815301076,1909f56bfc062723c751e8b465ee728b)
Start importing Assets/Prefabs/Scene Persist1.prefab using Guid(586978c529d3ab34ab083399ab7abcfe) Importer(815301076,1909f56bfc062723c751e8b465ee728b)  -> (artifact id: 'f755f82a3df3381bbb91252499972c35') in 0.014969 seconds 
========================================================================
Received Import Request.
  Time since last request: 0.592940 seconds.
  path: Assets/Prefabs/Scene Persist1.prefab
  artifactKey: Guid(586978c529d3ab34ab083399ab7abcfe) Importer(815301076,1909f56bfc062723c751e8b465ee728b)
Start importing Assets/Prefabs/Scene Persist1.prefab using Guid(586978c529d3ab34ab083399ab7abcfe) Importer(815301076,1909f56bfc062723c751e8b465ee728b)  -> (artifact id: '4463e42cc9bab565825c812eadbe0063') in 0.013152 seconds 
========================================================================
Received Import Request.
  Time since last request: 0.587814 seconds.
  path: Assets/Prefabs/Scene Persist1.prefab
  artifactKey: Guid(586978c529d3ab34ab083399ab7abcfe) Importer(815301076,1909f56bfc062723c751e8b465ee728b)
Start importing Assets/Prefabs/Scene Persist1.prefab using Guid(586978c529d3ab34ab083399ab7abcfe) Importer(815301076,1909f56bfc062723c751e8b465ee728b)  -> (artifact id: 'c44a7bd596d5bb4befb4143995290445') in 0.012302 seconds 
========================================================================
Received Import Request.
  Time since last request: 1.218653 seconds.
  path: Assets/Prefabs/Scene Persist1.prefab
  artifactKey: Guid(586978c529d3ab34ab083399ab7abcfe) Importer(815301076,1909f56bfc062723c751e8b465ee728b)
Start importing Assets/Prefabs/Scene Persist1.prefab using Guid(586978c529d3ab34ab083399ab7abcfe) Importer(815301076,1909f56bfc062723c751e8b465ee728b)  -> (artifact id: '3a03c26303ef729da15e32f43e2ce942') in 0.012796 seconds 
========================================================================
Received Import Request.
  Time since last request: 0.571551 seconds.
  path: Assets/Prefabs/Scene Persist1.prefab
  artifactKey: Guid(586978c529d3ab34ab083399ab7abcfe) Importer(815301076,1909f56bfc062723c751e8b465ee728b)
Start importing Assets/Prefabs/Scene Persist1.prefab using Guid(586978c529d3ab34ab083399ab7abcfe) Importer(815301076,1909f56bfc062723c751e8b465ee728b)  -> (artifact id: '928c15d34184b4c9d5cf70462976228e') in 0.012962 seconds 
========================================================================
Received Import Request.
  Time since last request: 0.418119 seconds.
  path: Assets/Prefabs/Scene Persist1.prefab
  artifactKey: Guid(586978c529d3ab34ab083399ab7abcfe) Importer(815301076,1909f56bfc062723c751e8b465ee728b)
Start importing Assets/Prefabs/Scene Persist1.prefab using Guid(586978c529d3ab34ab083399ab7abcfe) Importer(815301076,1909f56bfc062723c751e8b465ee728b)  -> (artifact id: 'ec0f6e7ea4ace60f91ce62da24912b04') in 0.011538 seconds 
========================================================================
Received Import Request.
  Time since last request: 0.596298 seconds.
  path: Assets/Prefabs/Scene Persist1.prefab
  artifactKey: Guid(586978c529d3ab34ab083399ab7abcfe) Importer(815301076,1909f56bfc062723c751e8b465ee728b)
Start importing Assets/Prefabs/Scene Persist1.prefab using Guid(586978c529d3ab34ab083399ab7abcfe) Importer(815301076,1909f56bfc062723c751e8b465ee728b)  -> (artifact id: 'df1ad8f2750e26fea110b02ac0ad1c08') in 0.013054 seconds 
========================================================================
Received Import Request.
  Time since last request: 0.594345 seconds.
  path: Assets/Prefabs/Scene Persist1.prefab
  artifactKey: Guid(586978c529d3ab34ab083399ab7abcfe) Importer(815301076,1909f56bfc062723c751e8b465ee728b)
Start importing Assets/Prefabs/Scene Persist1.prefab using Guid(586978c529d3ab34ab083399ab7abcfe) Importer(815301076,1909f56bfc062723c751e8b465ee728b)  -> (artifact id: 'de42e345ebb914550704de27a1d4ae84') in 0.011516 seconds 
========================================================================
Received Import Request.
  Time since last request: 0.408873 seconds.
  path: Assets/Prefabs/Scene Persist1.prefab
  artifactKey: Guid(586978c529d3ab34ab083399ab7abcfe) Importer(815301076,1909f56bfc062723c751e8b465ee728b)
Start importing Assets/Prefabs/Scene Persist1.prefab using Guid(586978c529d3ab34ab083399ab7abcfe) Importer(815301076,1909f56bfc062723c751e8b465ee728b)  -> (artifact id: '3106fe4d596416854a30db2968c98d10') in 0.011035 seconds 
========================================================================
Received Import Request.
  Time since last request: 0.588660 seconds.
  path: Assets/Prefabs/Scene Persist1.prefab
  artifactKey: Guid(586978c529d3ab34ab083399ab7abcfe) Importer(815301076,1909f56bfc062723c751e8b465ee728b)
Start importing Assets/Prefabs/Scene Persist1.prefab using Guid(586978c529d3ab34ab083399ab7abcfe) Importer(815301076,1909f56bfc062723c751e8b465ee728b)  -> (artifact id: 'f28d4602ae6bd01e64b4c88c7f952e1c') in 0.011326 seconds 
========================================================================
Received Import Request.
  Time since last request: 0.398525 seconds.
  path: Assets/Prefabs/Scene Persist1.prefab
  artifactKey: Guid(586978c529d3ab34ab083399ab7abcfe) Importer(815301076,1909f56bfc062723c751e8b465ee728b)
Start importing Assets/Prefabs/Scene Persist1.prefab using Guid(586978c529d3ab34ab083399ab7abcfe) Importer(815301076,1909f56bfc062723c751e8b465ee728b)  -> (artifact id: 'ebe4485fc677db705c03578f0d9b1714') in 0.011920 seconds 
========================================================================
Received Import Request.
  Time since last request: 0.403482 seconds.
  path: Assets/Prefabs/Scene Persist1.prefab
  artifactKey: Guid(586978c529d3ab34ab083399ab7abcfe) Importer(815301076,1909f56bfc062723c751e8b465ee728b)
Start importing Assets/Prefabs/Scene Persist1.prefab using Guid(586978c529d3ab34ab083399ab7abcfe) Importer(815301076,1909f56bfc062723c751e8b465ee728b)  -> (artifact id: '9f0230fcdc5ff723c10608d0103735b0') in 0.010772 seconds 
========================================================================
Received Import Request.
  Time since last request: 0.402739 seconds.
  path: Assets/Prefabs/Scene Persist1.prefab
  artifactKey: Guid(586978c529d3ab34ab083399ab7abcfe) Importer(815301076,1909f56bfc062723c751e8b465ee728b)
Start importing Assets/Prefabs/Scene Persist1.prefab using Guid(586978c529d3ab34ab083399ab7abcfe) Importer(815301076,1909f56bfc062723c751e8b465ee728b)  -> (artifact id: 'ca713c6cb8879ba8fcf6b79860244faf') in 0.011438 seconds 
========================================================================
Received Import Request.
  Time since last request: 0.596439 seconds.
  path: Assets/Prefabs/Scene Persist1.prefab
  artifactKey: Guid(586978c529d3ab34ab083399ab7abcfe) Importer(815301076,1909f56bfc062723c751e8b465ee728b)
Start importing Assets/Prefabs/Scene Persist1.prefab using Guid(586978c529d3ab34ab083399ab7abcfe) Importer(815301076,1909f56bfc062723c751e8b465ee728b)  -> (artifact id: '4e15ba21187637b465e889d153b7511b') in 0.010357 seconds 
========================================================================
Received Import Request.
  Time since last request: 0.393674 seconds.
  path: Assets/Prefabs/Scene Persist1.prefab
  artifactKey: Guid(586978c529d3ab34ab083399ab7abcfe) Importer(815301076,1909f56bfc062723c751e8b465ee728b)
Start importing Assets/Prefabs/Scene Persist1.prefab using Guid(586978c529d3ab34ab083399ab7abcfe) Importer(815301076,1909f56bfc062723c751e8b465ee728b)  -> (artifact id: '01b22fb829ed2818a770c8d49f460821') in 0.010101 seconds 
========================================================================
Received Import Request.
  Time since last request: 0.795825 seconds.
  path: Assets/Prefabs/Scene Persist1.prefab
  artifactKey: Guid(586978c529d3ab34ab083399ab7abcfe) Importer(815301076,1909f56bfc062723c751e8b465ee728b)
Start importing Assets/Prefabs/Scene Persist1.prefab using Guid(586978c529d3ab34ab083399ab7abcfe) Importer(815301076,1909f56bfc062723c751e8b465ee728b)  -> (artifact id: '79418deb5456baabc82c7f75e5ca9421') in 0.003252 seconds 
========================================================================
Received Import Request.
  Time since last request: 20.657649 seconds.
  path: Assets/Prefabs/Scene Persist1.prefab
  artifactKey: Guid(586978c529d3ab34ab083399ab7abcfe) Importer(815301076,1909f56bfc062723c751e8b465ee728b)
Start importing Assets/Prefabs/Scene Persist1.prefab using Guid(586978c529d3ab34ab083399ab7abcfe) Importer(815301076,1909f56bfc062723c751e8b465ee728b)  -> (artifact id: 'e168be09d7ee6165def9feed5648e7c9') in 0.010563 seconds 
========================================================================
Received Import Request.
  Time since last request: 95.687987 seconds.
  path: Assets/Prefabs/Scene Persist1.prefab
  artifactKey: Guid(586978c529d3ab34ab083399ab7abcfe) Importer(815301076,1909f56bfc062723c751e8b465ee728b)
Start importing Assets/Prefabs/Scene Persist1.prefab using Guid(586978c529d3ab34ab083399ab7abcfe) Importer(815301076,1909f56bfc062723c751e8b465ee728b)  -> (artifact id: 'e9b11b2a27ce5f790438ae4904259a60') in 0.013191 seconds 
========================================================================
Received Import Request.
  Time since last request: 23.999751 seconds.
  path: Assets/Prefabs/Scene Persist2.prefab
  artifactKey: Guid(79ad40a8fd9e6f84aae6a7aaf491c496) Importer(815301076,1909f56bfc062723c751e8b465ee728b)
Start importing Assets/Prefabs/Scene Persist2.prefab using Guid(79ad40a8fd9e6f84aae6a7aaf491c496) Importer(815301076,1909f56bfc062723c751e8b465ee728b)  -> (artifact id: '1bd4bb56c266aa6f728ebaf51f101460') in 0.018137 seconds 
========================================================================
Received Import Request.
  Time since last request: 5.736842 seconds.
  path: Assets/Prefabs/Scene Persist2.prefab
  artifactKey: Guid(79ad40a8fd9e6f84aae6a7aaf491c496) Importer(815301076,1909f56bfc062723c751e8b465ee728b)
Start importing Assets/Prefabs/Scene Persist2.prefab using Guid(79ad40a8fd9e6f84aae6a7aaf491c496) Importer(815301076,1909f56bfc062723c751e8b465ee728b)  -> (artifact id: 'f6bac03da59e04e04e66c86258184f27') in 0.016641 seconds 
========================================================================
Received Import Request.
  Time since last request: 0.572935 seconds.
  path: Assets/Prefabs/Scene Persist2.prefab
  artifactKey: Guid(79ad40a8fd9e6f84aae6a7aaf491c496) Importer(815301076,1909f56bfc062723c751e8b465ee728b)
Start importing Assets/Prefabs/Scene Persist2.prefab using Guid(79ad40a8fd9e6f84aae6a7aaf491c496) Importer(815301076,1909f56bfc062723c751e8b465ee728b)  -> (artifact id: 'bc6dbd2d9753a7ee901b9f8de4b213cb') in 0.014427 seconds 
========================================================================
Received Import Request.
  Time since last request: 0.391850 seconds.
  path: Assets/Prefabs/Scene Persist2.prefab
  artifactKey: Guid(79ad40a8fd9e6f84aae6a7aaf491c496) Importer(815301076,1909f56bfc062723c751e8b465ee728b)
Start importing Assets/Prefabs/Scene Persist2.prefab using Guid(79ad40a8fd9e6f84aae6a7aaf491c496) Importer(815301076,1909f56bfc062723c751e8b465ee728b)  -> (artifact id: '3a38e0730e5afa71e0ced11c68181ece') in 0.014271 seconds 
========================================================================
Received Import Request.
  Time since last request: 1.435012 seconds.
  path: Assets/Prefabs/Scene Persist2.prefab
  artifactKey: Guid(79ad40a8fd9e6f84aae6a7aaf491c496) Importer(815301076,1909f56bfc062723c751e8b465ee728b)
Start importing Assets/Prefabs/Scene Persist2.prefab using Guid(79ad40a8fd9e6f84aae6a7aaf491c496) Importer(815301076,1909f56bfc062723c751e8b465ee728b)  -> (artifact id: 'ac2a01d44a4ed83dd295ee78086c66a1') in 0.014575 seconds 
========================================================================
Received Import Request.
  Time since last request: 0.389916 seconds.
  path: Assets/Prefabs/Scene Persist2.prefab
  artifactKey: Guid(79ad40a8fd9e6f84aae6a7aaf491c496) Importer(815301076,1909f56bfc062723c751e8b465ee728b)
Start importing Assets/Prefabs/Scene Persist2.prefab using Guid(79ad40a8fd9e6f84aae6a7aaf491c496) Importer(815301076,1909f56bfc062723c751e8b465ee728b)  -> (artifact id: '5eb496898b3fa44abddd3934bbd2ea2b') in 0.015957 seconds 
========================================================================
Received Import Request.
  Time since last request: 0.575746 seconds.
  path: Assets/Prefabs/Scene Persist2.prefab
  artifactKey: Guid(79ad40a8fd9e6f84aae6a7aaf491c496) Importer(815301076,1909f56bfc062723c751e8b465ee728b)
Start importing Assets/Prefabs/Scene Persist2.prefab using Guid(79ad40a8fd9e6f84aae6a7aaf491c496) Importer(815301076,1909f56bfc062723c751e8b465ee728b)  -> (artifact id: '5f522e872cef68d218b2694024acd040') in 0.013374 seconds 
========================================================================
Received Import Request.
  Time since last request: 0.386158 seconds.
  path: Assets/Prefabs/Scene Persist2.prefab
  artifactKey: Guid(79ad40a8fd9e6f84aae6a7aaf491c496) Importer(815301076,1909f56bfc062723c751e8b465ee728b)
Start importing Assets/Prefabs/Scene Persist2.prefab using Guid(79ad40a8fd9e6f84aae6a7aaf491c496) Importer(815301076,1909f56bfc062723c751e8b465ee728b)  -> (artifact id: 'efbd7c3b9a8c3074297d5468f7ce3a39') in 0.013681 seconds 
========================================================================
Received Import Request.
  Time since last request: 0.608726 seconds.
  path: Assets/Prefabs/Scene Persist2.prefab
  artifactKey: Guid(79ad40a8fd9e6f84aae6a7aaf491c496) Importer(815301076,1909f56bfc062723c751e8b465ee728b)
Start importing Assets/Prefabs/Scene Persist2.prefab using Guid(79ad40a8fd9e6f84aae6a7aaf491c496) Importer(815301076,1909f56bfc062723c751e8b465ee728b)  -> (artifact id: '2314e87634c2c3a123410621c5048b3f') in 0.013439 seconds 
========================================================================
Received Import Request.
  Time since last request: 0.798044 seconds.
  path: Assets/Prefabs/Scene Persist2.prefab
  artifactKey: Guid(79ad40a8fd9e6f84aae6a7aaf491c496) Importer(815301076,1909f56bfc062723c751e8b465ee728b)
Start importing Assets/Prefabs/Scene Persist2.prefab using Guid(79ad40a8fd9e6f84aae6a7aaf491c496) Importer(815301076,1909f56bfc062723c751e8b465ee728b)  -> (artifact id: '1a0b763b88650b4069ca580789aaea2a') in 0.011935 seconds 
========================================================================
Received Import Request.
  Time since last request: 1.401349 seconds.
  path: Assets/Prefabs/Scene Persist2.prefab
  artifactKey: Guid(79ad40a8fd9e6f84aae6a7aaf491c496) Importer(815301076,1909f56bfc062723c751e8b465ee728b)
Start importing Assets/Prefabs/Scene Persist2.prefab using Guid(79ad40a8fd9e6f84aae6a7aaf491c496) Importer(815301076,1909f56bfc062723c751e8b465ee728b)  -> (artifact id: '7021c7774ea5f7f768e3d61076e0d314') in 0.013576 seconds 
========================================================================
Received Import Request.
  Time since last request: 0.382307 seconds.
  path: Assets/Prefabs/Scene Persist2.prefab
  artifactKey: Guid(79ad40a8fd9e6f84aae6a7aaf491c496) Importer(815301076,1909f56bfc062723c751e8b465ee728b)
Start importing Assets/Prefabs/Scene Persist2.prefab using Guid(79ad40a8fd9e6f84aae6a7aaf491c496) Importer(815301076,1909f56bfc062723c751e8b465ee728b)  -> (artifact id: '9bed8bddd3e9f663b62f8cc39efdda45') in 0.012476 seconds 
========================================================================
Received Import Request.
  Time since last request: 0.600049 seconds.
  path: Assets/Prefabs/Scene Persist2.prefab
  artifactKey: Guid(79ad40a8fd9e6f84aae6a7aaf491c496) Importer(815301076,1909f56bfc062723c751e8b465ee728b)
Start importing Assets/Prefabs/Scene Persist2.prefab using Guid(79ad40a8fd9e6f84aae6a7aaf491c496) Importer(815301076,1909f56bfc062723c751e8b465ee728b)  -> (artifact id: '33fc11f800ec63fcae5559ac8e9873c2') in 0.012055 seconds 
========================================================================
Received Import Request.
  Time since last request: 0.397997 seconds.
  path: Assets/Prefabs/Scene Persist2.prefab
  artifactKey: Guid(79ad40a8fd9e6f84aae6a7aaf491c496) Importer(815301076,1909f56bfc062723c751e8b465ee728b)
Start importing Assets/Prefabs/Scene Persist2.prefab using Guid(79ad40a8fd9e6f84aae6a7aaf491c496) Importer(815301076,1909f56bfc062723c751e8b465ee728b)  -> (artifact id: '144e0b227628ec6cb3097d197392e172') in 0.011808 seconds 
========================================================================
Received Import Request.
  Time since last request: 0.596175 seconds.
  path: Assets/Prefabs/Scene Persist2.prefab
  artifactKey: Guid(79ad40a8fd9e6f84aae6a7aaf491c496) Importer(815301076,1909f56bfc062723c751e8b465ee728b)
Start importing Assets/Prefabs/Scene Persist2.prefab using Guid(79ad40a8fd9e6f84aae6a7aaf491c496) Importer(815301076,1909f56bfc062723c751e8b465ee728b)  -> (artifact id: '3da0476e4154eacefafd8f648b464e25') in 0.012730 seconds 
========================================================================
Received Import Request.
  Time since last request: 0.400919 seconds.
  path: Assets/Prefabs/Scene Persist2.prefab
  artifactKey: Guid(79ad40a8fd9e6f84aae6a7aaf491c496) Importer(815301076,1909f56bfc062723c751e8b465ee728b)
Start importing Assets/Prefabs/Scene Persist2.prefab using Guid(79ad40a8fd9e6f84aae6a7aaf491c496) Importer(815301076,1909f56bfc062723c751e8b465ee728b)  -> (artifact id: 'f1a1b48140780684274702287191b174') in 0.013372 seconds 
========================================================================
Received Import Request.
  Time since last request: 0.395388 seconds.
  path: Assets/Prefabs/Scene Persist2.prefab
  artifactKey: Guid(79ad40a8fd9e6f84aae6a7aaf491c496) Importer(815301076,1909f56bfc062723c751e8b465ee728b)
Start importing Assets/Prefabs/Scene Persist2.prefab using Guid(79ad40a8fd9e6f84aae6a7aaf491c496) Importer(815301076,1909f56bfc062723c751e8b465ee728b)  -> (artifact id: '6ab0a13f72cd4f105e8a3437243f9d77') in 0.011453 seconds 
========================================================================
Received Import Request.
  Time since last request: 0.397076 seconds.
  path: Assets/Prefabs/Scene Persist2.prefab
  artifactKey: Guid(79ad40a8fd9e6f84aae6a7aaf491c496) Importer(815301076,1909f56bfc062723c751e8b465ee728b)
Start importing Assets/Prefabs/Scene Persist2.prefab using Guid(79ad40a8fd9e6f84aae6a7aaf491c496) Importer(815301076,1909f56bfc062723c751e8b465ee728b)  -> (artifact id: 'ca71010c52a15ad001249316b9b9f65c') in 0.011277 seconds 
========================================================================
Received Import Request.
  Time since last request: 0.394671 seconds.
  path: Assets/Prefabs/Scene Persist2.prefab
  artifactKey: Guid(79ad40a8fd9e6f84aae6a7aaf491c496) Importer(815301076,1909f56bfc062723c751e8b465ee728b)
Start importing Assets/Prefabs/Scene Persist2.prefab using Guid(79ad40a8fd9e6f84aae6a7aaf491c496) Importer(815301076,1909f56bfc062723c751e8b465ee728b)  -> (artifact id: 'fca95c45624d004d40905cfda942d48a') in 0.010894 seconds 
========================================================================
Received Import Request.
  Time since last request: 0.397763 seconds.
  path: Assets/Prefabs/Scene Persist2.prefab
  artifactKey: Guid(79ad40a8fd9e6f84aae6a7aaf491c496) Importer(815301076,1909f56bfc062723c751e8b465ee728b)
Start importing Assets/Prefabs/Scene Persist2.prefab using Guid(79ad40a8fd9e6f84aae6a7aaf491c496) Importer(815301076,1909f56bfc062723c751e8b465ee728b)  -> (artifact id: 'c3db6dbc494d7e9d6f4b4a57fd8a96fc') in 0.010665 seconds 
========================================================================
Received Import Request.
  Time since last request: 0.423144 seconds.
  path: Assets/Prefabs/Scene Persist2.prefab
  artifactKey: Guid(79ad40a8fd9e6f84aae6a7aaf491c496) Importer(815301076,1909f56bfc062723c751e8b465ee728b)
Start importing Assets/Prefabs/Scene Persist2.prefab using Guid(79ad40a8fd9e6f84aae6a7aaf491c496) Importer(815301076,1909f56bfc062723c751e8b465ee728b)  -> (artifact id: 'aedf778dbd8ade7a4566d370c449b6b5') in 0.011007 seconds 
========================================================================
Received Import Request.
  Time since last request: 0.380360 seconds.
  path: Assets/Prefabs/Scene Persist2.prefab
  artifactKey: Guid(79ad40a8fd9e6f84aae6a7aaf491c496) Importer(815301076,1909f56bfc062723c751e8b465ee728b)
Start importing Assets/Prefabs/Scene Persist2.prefab using Guid(79ad40a8fd9e6f84aae6a7aaf491c496) Importer(815301076,1909f56bfc062723c751e8b465ee728b)  -> (artifact id: '5f3cdad42cb54005994eb4f29ef32069') in 0.011235 seconds 
========================================================================
Received Import Request.
  Time since last request: 1.039171 seconds.
  path: Assets/Prefabs/Scene Persist2.prefab
  artifactKey: Guid(79ad40a8fd9e6f84aae6a7aaf491c496) Importer(815301076,1909f56bfc062723c751e8b465ee728b)
Start importing Assets/Prefabs/Scene Persist2.prefab using Guid(79ad40a8fd9e6f84aae6a7aaf491c496) Importer(815301076,1909f56bfc062723c751e8b465ee728b)  -> (artifact id: '656091950c58d325f3324c8f0fad0c18') in 0.002878 seconds 
========================================================================
Received Import Request.
  Time since last request: 143.628153 seconds.
  path: Assets/Prefabs/Scene Persist2.prefab
  artifactKey: Guid(79ad40a8fd9e6f84aae6a7aaf491c496) Importer(815301076,1909f56bfc062723c751e8b465ee728b)
Start importing Assets/Prefabs/Scene Persist2.prefab using Guid(79ad40a8fd9e6f84aae6a7aaf491c496) Importer(815301076,1909f56bfc062723c751e8b465ee728b)  -> (artifact id: 'bce11237e59a493bf85454ee89523fc9') in 0.015461 seconds 
========================================================================
Received Import Request.
  Time since last request: 7.404744 seconds.
  path: Assets/Scenes/Level 1.unity
  artifactKey: Guid(e630cb01ed87efd4a831db0b2f16a031) Importer(815301076,1909f56bfc062723c751e8b465ee728b)
Start importing Assets/Scenes/Level 1.unity using Guid(e630cb01ed87efd4a831db0b2f16a031) Importer(815301076,1909f56bfc062723c751e8b465ee728b)  -> (artifact id: '018adb245af78e27f76bbae01518b247') in 0.007900 seconds 
========================================================================
Received Prepare
Registering precompiled user dll's ...
Registered in 0.002390 seconds.
Begin MonoManager ReloadAssembly
Symbol file LoadedFromMemory doesn't match image D:\Unity\game\TileVania\Library\PackageCache\com.unity.visualscripting@1.6.1\Editor\VisualScripting.Core\Dependencies\YamlDotNet\Unity.VisualScripting.YamlDotNet.dll
Symbol file LoadedFromMemory doesn't match image D:\Unity\game\TileVania\Library\PackageCache\com.unity.visualscripting@1.6.1\Editor\VisualScripting.Core\Dependencies\DotNetZip\Unity.VisualScripting.IonicZip.dll
Native extension for WindowsStandalone target not found
Refreshing native plugins compatible for Editor in 0.67 ms, found 2 plugins.
Preloading 0 native plugins for Editor in 0.00 ms.
Mono: successfully reloaded assembly
- Completed reload, in  0.988 seconds
Platform modules already initialized, skipping
Refreshing native plugins compatible for Editor in 0.68 ms, found 2 plugins.
Preloading 0 native plugins for Editor in 0.00 ms.
Unloading 3841 Unused Serialized files (Serialized files now loaded: 0)
System memory in use before: 152.5 MB.
System memory in use after: 152.6 MB.

Unloading 16 unused Assets to reduce memory usage. Loaded Objects now: 4329.
Total: 2.669500 ms (FindLiveObjects: 0.270800 ms CreateObjectMapping: 0.193800 ms MarkObjects: 2.132600 ms  DeleteObjects: 0.071400 ms)

========================================================================
Received Prepare
Registering precompiled user dll's ...
Registered in 0.002312 seconds.
Begin MonoManager ReloadAssembly
Symbol file LoadedFromMemory doesn't match image D:\Unity\game\TileVania\Library\PackageCache\com.unity.visualscripting@1.6.1\Editor\VisualScripting.Core\Dependencies\YamlDotNet\Unity.VisualScripting.YamlDotNet.dll
Symbol file LoadedFromMemory doesn't match image D:\Unity\game\TileVania\Library\PackageCache\com.unity.visualscripting@1.6.1\Editor\VisualScripting.Core\Dependencies\DotNetZip\Unity.VisualScripting.IonicZip.dll
Native extension for WindowsStandalone target not found
Refreshing native plugins compatible for Editor in 0.65 ms, found 2 plugins.
Preloading 0 native plugins for Editor in 0.00 ms.
Mono: successfully reloaded assembly
- Completed reload, in  0.961 seconds
Platform modules already initialized, skipping
Refreshing native plugins compatible for Editor in 0.69 ms, found 2 plugins.
Preloading 0 native plugins for Editor in 0.00 ms.
Unloading 3841 Unused Serialized files (Serialized files now loaded: 0)
System memory in use before: 152.5 MB.
System memory in use after: 152.7 MB.

Unloading 16 unused Assets to reduce memory usage. Loaded Objects now: 4333.
Total: 3.117300 ms (FindLiveObjects: 0.280300 ms CreateObjectMapping: 0.142700 ms MarkObjects: 2.611500 ms  DeleteObjects: 0.081600 ms)

========================================================================
Received Import Request.
  Time since last request: 180.865883 seconds.
  path: Assets/Scenes/Level 2.unity
  artifactKey: Guid(8f1508fa0e79edc44b6297f6429fd3a7) Importer(815301076,1909f56bfc062723c751e8b465ee728b)
Start importing Assets/Scenes/Level 2.unity using Guid(8f1508fa0e79edc44b6297f6429fd3a7) Importer(815301076,1909f56bfc062723c751e8b465ee728b)  -> (artifact id: '55fbe8af060207a1aef1f3ae8f13588d') in 0.014213 seconds 
========================================================================
Received Prepare
Registering precompiled user dll's ...
Registered in 0.002304 seconds.
Begin MonoManager ReloadAssembly
Symbol file LoadedFromMemory doesn't match image D:\Unity\game\TileVania\Library\PackageCache\com.unity.visualscripting@1.6.1\Editor\VisualScripting.Core\Dependencies\YamlDotNet\Unity.VisualScripting.YamlDotNet.dll
Symbol file LoadedFromMemory doesn't match image D:\Unity\game\TileVania\Library\PackageCache\com.unity.visualscripting@1.6.1\Editor\VisualScripting.Core\Dependencies\DotNetZip\Unity.VisualScripting.IonicZip.dll
Native extension for WindowsStandalone target not found
Refreshing native plugins compatible for Editor in 0.65 ms, found 2 plugins.
Preloading 0 native plugins for Editor in 0.00 ms.
Mono: successfully reloaded assembly
- Completed reload, in  0.978 seconds
Platform modules already initialized, skipping
Refreshing native plugins compatible for Editor in 0.68 ms, found 2 plugins.
Preloading 0 native plugins for Editor in 0.00 ms.
Unloading 3841 Unused Serialized files (Serialized files now loaded: 0)
System memory in use before: 152.6 MB.
System memory in use after: 152.7 MB.

Unloading 16 unused Assets to reduce memory usage. Loaded Objects now: 4337.
Total: 3.088400 ms (FindLiveObjects: 0.266800 ms CreateObjectMapping: 0.139900 ms MarkObjects: 2.600900 ms  DeleteObjects: 0.080100 ms)

========================================================================
Received Prepare
Registering precompiled user dll's ...
Registered in 0.002371 seconds.
Begin MonoManager ReloadAssembly
Symbol file LoadedFromMemory doesn't match image D:\Unity\game\TileVania\Library\PackageCache\com.unity.visualscripting@1.6.1\Editor\VisualScripting.Core\Dependencies\YamlDotNet\Unity.VisualScripting.YamlDotNet.dll
Symbol file LoadedFromMemory doesn't match image D:\Unity\game\TileVania\Library\PackageCache\com.unity.visualscripting@1.6.1\Editor\VisualScripting.Core\Dependencies\DotNetZip\Unity.VisualScripting.IonicZip.dll
Native extension for WindowsStandalone target not found
Refreshing native plugins compatible for Editor in 0.64 ms, found 2 plugins.
Preloading 0 native plugins for Editor in 0.00 ms.
Mono: successfully reloaded assembly
- Completed reload, in  0.974 seconds
Platform modules already initialized, skipping
Refreshing native plugins compatible for Editor in 0.66 ms, found 2 plugins.
Preloading 0 native plugins for Editor in 0.00 ms.
Unloading 3841 Unused Serialized files (Serialized files now loaded: 0)
System memory in use before: 152.6 MB.
System memory in use after: 152.8 MB.

Unloading 16 unused Assets to reduce memory usage. Loaded Objects now: 4341.
Total: 2.598300 ms (FindLiveObjects: 0.253700 ms CreateObjectMapping: 0.173700 ms MarkObjects: 2.090300 ms  DeleteObjects: 0.076200 ms)

========================================================================
Received Prepare
Registering precompiled user dll's ...
Registered in 0.002385 seconds.
Begin MonoManager ReloadAssembly
Symbol file LoadedFromMemory doesn't match image D:\Unity\game\TileVania\Library\PackageCache\com.unity.visualscripting@1.6.1\Editor\VisualScripting.Core\Dependencies\YamlDotNet\Unity.VisualScripting.YamlDotNet.dll
Symbol file LoadedFromMemory doesn't match image D:\Unity\game\TileVania\Library\PackageCache\com.unity.visualscripting@1.6.1\Editor\VisualScripting.Core\Dependencies\DotNetZip\Unity.VisualScripting.IonicZip.dll
Native extension for WindowsStandalone target not found
Refreshing native plugins compatible for Editor in 0.65 ms, found 2 plugins.
Preloading 0 native plugins for Editor in 0.00 ms.
Mono: successfully reloaded assembly
- Completed reload, in  0.968 seconds
Platform modules already initialized, skipping
Refreshing native plugins compatible for Editor in 0.70 ms, found 2 plugins.
Preloading 0 native plugins for Editor in 0.00 ms.
Unloading 3841 Unused Serialized files (Serialized files now loaded: 0)
System memory in use before: 152.6 MB.
System memory in use after: 152.8 MB.

Unloading 16 unused Assets to reduce memory usage. Loaded Objects now: 4345.
Total: 3.155200 ms (FindLiveObjects: 0.276000 ms CreateObjectMapping: 0.165900 ms MarkObjects: 2.632000 ms  DeleteObjects: 0.080200 ms)

========================================================================
Received Prepare
Registering precompiled user dll's ...
Registered in 0.002383 seconds.
Begin MonoManager ReloadAssembly
Symbol file LoadedFromMemory doesn't match image D:\Unity\game\TileVania\Library\PackageCache\com.unity.visualscripting@1.6.1\Editor\VisualScripting.Core\Dependencies\YamlDotNet\Unity.VisualScripting.YamlDotNet.dll
Symbol file LoadedFromMemory doesn't match image D:\Unity\game\TileVania\Library\PackageCache\com.unity.visualscripting@1.6.1\Editor\VisualScripting.Core\Dependencies\DotNetZip\Unity.VisualScripting.IonicZip.dll
Native extension for WindowsStandalone target not found
Refreshing native plugins compatible for Editor in 0.68 ms, found 2 plugins.
Preloading 0 native plugins for Editor in 0.00 ms.
Mono: successfully reloaded assembly
- Completed reload, in  0.972 seconds
Platform modules already initialized, skipping
Refreshing native plugins compatible for Editor in 0.65 ms, found 2 plugins.
Preloading 0 native plugins for Editor in 0.00 ms.
Unloading 3841 Unused Serialized files (Serialized files now loaded: 0)
System memory in use before: 152.6 MB.
System memory in use after: 152.8 MB.

Unloading 16 unused Assets to reduce memory usage. Loaded Objects now: 4349.
Total: 2.781300 ms (FindLiveObjects: 0.247600 ms CreateObjectMapping: 0.174700 ms MarkObjects: 2.252100 ms  DeleteObjects: 0.105800 ms)

========================================================================
Received Prepare
Registering precompiled user dll's ...
Registered in 0.002329 seconds.
Begin MonoManager ReloadAssembly
Symbol file LoadedFromMemory doesn't match image D:\Unity\game\TileVania\Library\PackageCache\com.unity.visualscripting@1.6.1\Editor\VisualScripting.Core\Dependencies\YamlDotNet\Unity.VisualScripting.YamlDotNet.dll
Symbol file LoadedFromMemory doesn't match image D:\Unity\game\TileVania\Library\PackageCache\com.unity.visualscripting@1.6.1\Editor\VisualScripting.Core\Dependencies\DotNetZip\Unity.VisualScripting.IonicZip.dll
Native extension for WindowsStandalone target not found
Refreshing native plugins compatible for Editor in 0.87 ms, found 2 plugins.
Preloading 0 native plugins for Editor in 0.00 ms.
Mono: successfully reloaded assembly
- Completed reload, in  0.947 seconds
Platform modules already initialized, skipping
Refreshing native plugins compatible for Editor in 0.70 ms, found 2 plugins.
Preloading 0 native plugins for Editor in 0.00 ms.
Unloading 3841 Unused Serialized files (Serialized files now loaded: 0)
System memory in use before: 152.7 MB.
System memory in use after: 152.8 MB.

Unloading 16 unused Assets to reduce memory usage. Loaded Objects now: 4353.
Total: 2.862700 ms (FindLiveObjects: 0.280000 ms CreateObjectMapping: 0.194300 ms MarkObjects: 2.306300 ms  DeleteObjects: 0.081200 ms)

AssetImportWorkerClient::OnTransportError - code=2 error=End of file
